<?xml version="1.0" encoding="UTF-8"?>
<!-- Generated by org.testng.reporters.JUnitReportReporter -->
<testsuite skipped="0" hostname="DESKTOP-13ANVPQ" name="regression.testcase1" tests="3" failures="0" timestamp="15 Sep 2020 16:49:32 GMT" time="0.014" errors="0">
  <testcase name="test3" time="0.002" classname="regression.testcase1"/>
  <testcase name="test1" time="0.007" classname="regression.testcase1"/>
  <testcase name="test2" time="0.005" classname="regression.testcase1"/>
</testsuite> <!-- regression.testcase1 -->
