<?xml version="1.0" encoding="UTF-8"?>
<!-- Generated by org.testng.reporters.JUnitReportReporter -->
<testsuite skipped="0" hostname="DESKTOP-13ANVPQ" name="learningTestNG.Testcase" tests="3" failures="0" timestamp="15 Sep 2020 17:36:12 GMT" time="0.014" errors="0">
  <testcase name="userReg" time="0.009" classname="learningTestNG.Testcase"/>
  <testcase name="userLogin" time="0.003" classname="learningTestNG.Testcase"/>
  <testcase name="userLogout" time="0.002" classname="learningTestNG.Testcase"/>
</testsuite> <!-- learningTestNG.Testcase -->
