<?xml version="1.0" encoding="UTF-8"?>
<!-- Generated by org.testng.reporters.JUnitReportReporter -->
<testsuite skipped="1" hostname="DESKTOP-13ANVPQ" name="learningTestNG.SkipTest" tests="1" failures="0" timestamp="15 Sep 2020 16:30:47 GMT" time="0.017" errors="0">
  <testcase name="skipTest" time="0.017" classname="learningTestNG.SkipTest">
    <skipped/>
  </testcase> <!-- skipTest -->
</testsuite> <!-- learningTestNG.SkipTest -->
